
   INFO  Server running on [http://127.0.0.1:8000].  

  Press Ctrl+C to stop the server

  2025-10-16 21:49:18 ................................................... ~ 0s
  2025-10-16 21:49:18 ................................................... ~ 0s
  2025-10-16 21:49:18 ................................................... ~ 0s
  2025-10-16 21:49:18 ................................................... ~ 0s
  2025-10-16 21:49:18 ................................................... ~ 0s
  2025-10-16 21:49:18 ................................................... ~ 0s
  2025-10-16 21:49:33 ................................................... ~ 0s
  2025-10-16 21:49:33 ................................................... ~ 0s
  2025-10-16 21:49:33 ................................................... ~ 0s
  2025-10-16 21:49:33 ................................................... ~ 0s
  2025-10-16 21:49:33 ................................................... ~ 0s
  2025-10-16 21:49:33 ................................................... ~ 0s
  2025-10-16 21:50:07 ................................................... ~ 0s
  2025-10-16 21:50:07 ................................................... ~ 0s
  2025-10-16 21:50:07 ................................................... ~ 0s
  2025-10-16 21:50:07 ................................................... ~ 0s
  2025-10-16 21:50:07 ................................................... ~ 0s
  2025-10-16 21:50:07 ................................................... ~ 0s
  2025-10-16 22:08:18 ................................................... ~ 0s
  2025-10-16 22:08:18 ................................................... ~ 0s
  2025-10-16 22:08:18 ................................................... ~ 0s
  2025-10-16 22:08:18 ................................................... ~ 0s
  2025-10-16 22:08:18 ................................................... ~ 0s
  2025-10-16 22:08:18 ................................................... ~ 0s
  2025-10-16 22:14:44 ................................................... ~ 0s
  2025-10-16 22:20:25 ................................................... ~ 0s
  2025-10-16 22:20:34 ................................................... ~ 0s
  2025-10-16 22:22:00 ................................................... ~ 0s
  2025-10-16 22:23:15 ................................................... ~ 0s
  2025-10-16 22:23:15 ................................................... ~ 0s
  2025-10-16 22:23:15 ................................................... ~ 0s
  2025-10-16 22:23:15 ................................................... ~ 0s
  2025-10-16 22:23:15 ................................................... ~ 0s
  2025-10-16 22:23:15 ................................................... ~ 0s
  2025-10-16 22:23:34 ................................................... ~ 1s
  2025-10-16 22:23:36 /build/assets/app-B6pfojRY.css .................... ~ 0s
  2025-10-16 22:23:36 /build/assets/app-B7z8JaNN.css .................... ~ 0s
  2025-10-16 22:23:36 /build/assets/app-k_XgGIPb.js ..................... ~ 0s
  2025-10-16 22:23:37 /build/assets/Schools-D6sWq8IN.js ................. ~ 0s
  2025-10-16 22:23:37 /build/assets/SuperAdminLayout-5oPNApPZ.js ........ ~ 0s
  2025-10-16 22:23:37 /build/assets/building-2-CLhq5-kf.js .............. ~ 0s
  2025-10-16 22:23:37 /build/assets/file-text-CMv5qY8s.js ............... ~ 0s
  2025-10-16 22:23:37 /build/assets/ImportSchoolsModal-DTPBMunF.js ...... ~ 0s
  2025-10-16 22:23:37 /build/assets/app-B6pfojRY.css .................... ~ 0s
  2025-10-16 22:23:37 /build/assets/download-rPXqPexv.js ................ ~ 0s
  2025-10-16 22:23:37 /build/assets/upload-BkkpbvaL.js .................. ~ 0s
  2025-10-16 22:23:37 /build/assets/plus-CkfZmWLQ.js .................... ~ 0s
  2025-10-16 22:23:37 /build/assets/search-CrwCL_-8.js .................. ~ 0s
  2025-10-16 22:23:37 /build/assets/square-pen-DoBJJiSh.js .............. ~ 0s
  2025-10-16 22:23:37 /build/assets/trash-2-kkI6psMK.js ................. ~ 0s
  2025-10-16 22:23:37 /favicon.ico ...................................... ~ 0s
  2025-10-16 22:25:58 ................................................... ~ 0s
  2025-10-16 22:26:52 ................................................... ~ 0s
  2025-10-16 22:27:00 ................................................... ~ 0s
  2025-10-16 22:27:00 ................................................... ~ 0s
  2025-10-16 22:27:00 ................................................... ~ 0s
  2025-10-16 22:27:00 ................................................... ~ 0s
  2025-10-16 22:27:00 ................................................... ~ 0s
  2025-10-16 22:27:00 ................................................... ~ 0s
